[debug] [2019-06-05T15:24:40.768Z] ----------------------------------------------------------------------
[debug] [2019-06-05T15:24:40.771Z] Command:       C:\Program Files\nodejs\node.exe C:\Users\Luis\AppData\Roaming\npm\node_modules\firebase-tools\lib\bin\firebase.js deploy
[debug] [2019-06-05T15:24:40.771Z] CLI Version:   6.10.0
[debug] [2019-06-05T15:24:40.771Z] Platform:      win32
[debug] [2019-06-05T15:24:40.771Z] Node Version:  v10.15.0
[debug] [2019-06-05T15:24:40.781Z] Time:          Wed Jun 05 2019 10:24:40 GMT-0500 (GMT-05:00)
[debug] [2019-06-05T15:24:40.781Z] ----------------------------------------------------------------------
[debug] 
[debug] [2019-06-05T15:24:40.795Z] > command requires scopes: ["email","openid","https://www.googleapis.com/auth/cloudplatformprojects.readonly","https://www.googleapis.com/auth/firebase","https://www.googleapis.com/auth/cloud-platform"]
[debug] [2019-06-05T15:24:40.796Z] > authorizing via signed-in user
[debug] [2019-06-05T15:24:40.796Z] [iam] checking project sayoecs for permissions ["firebase.projects.get","firebasehosting.sites.update"]
[debug] [2019-06-05T15:24:40.798Z] > refreshing access token with scopes: ["email","https://www.googleapis.com/auth/cloud-platform","https://www.googleapis.com/auth/cloudplatformprojects.readonly","https://www.googleapis.com/auth/firebase","openid"]
[debug] [2019-06-05T15:24:40.798Z] >>> HTTP REQUEST POST https://www.googleapis.com/oauth2/v3/token  
 <request body omitted>
[debug] [2019-06-05T15:24:42.397Z] <<< HTTP RESPONSE 200
[debug] [2019-06-05T15:24:42.409Z] >>> HTTP REQUEST POST https://cloudresourcemanager.googleapis.com/v1/projects/sayoecs:testIamPermissions  

[debug] [2019-06-05T15:24:43.946Z] <<< HTTP RESPONSE 200
[debug] [2019-06-05T15:24:43.950Z] >>> HTTP REQUEST GET https://firebase.googleapis.com/v1beta1/projects/sayoecs  
 
[debug] [2019-06-05T15:24:45.625Z] <<< HTTP RESPONSE 200
[info] 
[info] === Deploying to 'sayoecs'...
[info] 
[info] i  deploying hosting
[debug] [2019-06-05T15:24:45.641Z] >>> HTTP REQUEST POST https://firebasehosting.googleapis.com/v1beta1/sites/sayoecs/versions  

[debug] [2019-06-05T15:24:47.723Z] <<< HTTP RESPONSE 200
[info] i  hosting[sayoecs]: beginning deploy...
[info] i  hosting[sayoecs]: found 19 files in dist/sayoe-fisi
[debug] [2019-06-05T15:24:47.738Z] [hosting] hash cache [ZGlzdFxzYXlvZS1maXNp] load error: lines is not defined
[debug] [2019-06-05T15:24:48.619Z] [hosting] hash cache [ZGlzdFxzYXlvZS1maXNp] stored for 19 files
[debug] [2019-06-05T15:24:48.620Z] [hosting][hash queue][FINAL]
[debug] [2019-06-05T15:24:48.620Z] >>> HTTP REQUEST POST https://firebasehosting.googleapis.com/v1beta1/sites/sayoecs/versions/9497d3aa04c30df9:populateFiles  
 <request body omitted>
[debug] [2019-06-05T15:24:49.611Z] <<< HTTP RESPONSE 200
[debug] [2019-06-05T15:24:49.616Z] [hosting][populate queue][FINAL]
[debug] [2019-06-05T15:24:49.616Z] [hosting] uploads queued: 4
